"C:/Users/pipo/Documents/Unreal Projects/KidShooter/Content/Blueprints/Art/Temporals/Policia.uasset" 0
"C:/Users/pipo/Documents/Unreal Projects/KidShooter/Content/Blueprints/Art/Temporals/Policia.uexp" 1
"../../../Engine/Plugins/2D/Paper2D/Content/PlaceholderTextures/DummySpriteTexture.uasset" 2
"../../../Engine/Plugins/2D/Paper2D/Content/PlaceholderTextures/DummySpriteTexture.uexp" 3
"../../../Engine/Plugins/2D/Paper2D/Content/PlaceholderTextures/DummySpriteTexture.ubulk" 4
"../../../Engine/Plugins/2D/Paper2D/Content/DefaultSpriteMaterial.uasset" 5
"../../../Engine/Plugins/2D/Paper2D/Content/DefaultSpriteMaterial.uexp" 6
"../../../Engine/Plugins/2D/Paper2D/Content/TranslucentUnlitSpriteMaterial.uasset" 7
"../../../Engine/Plugins/2D/Paper2D/Content/TranslucentUnlitSpriteMaterial.uexp" 8
"C:/Users/pipo/Documents/Unreal Projects/KidShooter/Content/Blueprints/Art/Temporals/Policia_Sprite.uasset" 9
"C:/Users/pipo/Documents/Unreal Projects/KidShooter/Content/Blueprints/Art/Temporals/Policia_Sprite.uexp" 10
"C:/Users/pipo/Documents/Unreal Projects/KidShooter/Content/Blueprints/Art/Temporals/Policia_FB.uasset" 11
"C:/Users/pipo/Documents/Unreal Projects/KidShooter/Content/Blueprints/Art/Temporals/Policia_FB.uexp" 12
"C:/Users/pipo/Documents/Unreal Projects/KidShooter/Content/FirstPerson/Character/Mesh/SK_Mannequin_Arms_Skeleton.uasset" 13
"C:/Users/pipo/Documents/Unreal Projects/KidShooter/Content/FirstPerson/Character/Mesh/SK_Mannequin_Arms_Skeleton.uexp" 14
"C:/Users/pipo/Documents/Unreal Projects/KidShooter/Content/FirstPerson/Animations/FirstPerson_Fire.uasset" 15
"C:/Users/pipo/Documents/Unreal Projects/KidShooter/Content/FirstPerson/Animations/FirstPerson_Fire.uexp" 16
"C:/Users/pipo/Documents/Unreal Projects/KidShooter/Content/FirstPerson/Animations/FirstPersonFire_Montage.uasset" 17
"C:/Users/pipo/Documents/Unreal Projects/KidShooter/Content/FirstPerson/Animations/FirstPersonFire_Montage.uexp" 18
"C:/Users/pipo/Documents/Unreal Projects/KidShooter/Content/FPWeapon/Materials/MaterialLayers/T_ML_FineRubber.uasset" 19
"C:/Users/pipo/Documents/Unreal Projects/KidShooter/Content/FPWeapon/Materials/MaterialLayers/T_ML_FineRubber.uexp" 20
"C:/Users/pipo/Documents/Unreal Projects/KidShooter/Content/FPWeapon/Materials/MaterialLayers/T_ML_FineRubber.ubulk" 21
"C:/Users/pipo/Documents/Unreal Projects/KidShooter/Content/Geometry/Meshes/CubeMaterial.uasset" 22
"C:/Users/pipo/Documents/Unreal Projects/KidShooter/Content/Geometry/Meshes/CubeMaterial.uexp" 23
"C:/Users/pipo/Documents/Unreal Projects/KidShooter/Content/Geometry/Meshes/1M_Cube_Chamfer.uasset" 24
"C:/Users/pipo/Documents/Unreal Projects/KidShooter/Content/Geometry/Meshes/1M_Cube_Chamfer.uexp" 25
"C:/Users/pipo/Documents/Unreal Projects/KidShooter/Content/Geometry/Meshes/TemplateFloor.uasset" 26
"C:/Users/pipo/Documents/Unreal Projects/KidShooter/Content/Geometry/Meshes/TemplateFloor.uexp" 27
"../../../Engine/Content/Animation/DefaultAnimBoneCompressionSettings.uasset" 28
"../../../Engine/Content/Animation/DefaultAnimBoneCompressionSettings.uexp" 29
"../../../Engine/Content/Animation/DefaultAnimCurveCompressionSettings.uasset" 30
"../../../Engine/Content/Animation/DefaultAnimCurveCompressionSettings.uexp" 31
"../../../Engine/Content/EngineMaterials/T_Default_Material_Grid_N.uasset" 32
"../../../Engine/Content/EngineMaterials/T_Default_Material_Grid_N.uexp" 33
"../../../Engine/Content/EngineMaterials/T_Default_Material_Grid_N.ubulk" 34
"../../../Engine/Content/EngineMaterials/T_Default_Material_Grid_M.uasset" 35
"../../../Engine/Content/EngineMaterials/T_Default_Material_Grid_M.uexp" 36
"../../../Engine/Content/EngineMaterials/T_Default_Material_Grid_M.ubulk" 37
"../../../Engine/Content/Functions/Engine_MaterialFunctions01/Opacity/CameraDepthFade.uasset" 38
"../../../Engine/Content/Functions/Engine_MaterialFunctions01/Opacity/CameraDepthFade.uexp" 39
"../../../Engine/Content/EngineMaterials/WorldGridMaterial.uasset" 40
"../../../Engine/Content/EngineMaterials/WorldGridMaterial.uexp" 41
"../../../Engine/Content/ArtTools/RenderToTexture/Meshes/S_1_Unit_Plane.uasset" 42
"../../../Engine/Content/ArtTools/RenderToTexture/Meshes/S_1_Unit_Plane.uexp" 43
"../../../Engine/Content/EngineMaterials/DefaultMaterial.uasset" 44
"../../../Engine/Content/EngineMaterials/DefaultMaterial.uexp" 45
"../../../Engine/Content/BasicShapes/Cone.uasset" 46
"../../../Engine/Content/BasicShapes/Cone.uexp" 47
"../../../Engine/Content/BasicShapes/Cube.uasset" 48
"../../../Engine/Content/BasicShapes/Cube.uexp" 49
"../../../Engine/Content/BasicShapes/Plane.uasset" 50
"../../../Engine/Content/BasicShapes/Plane.uexp" 51
"../../../Engine/Content/EditorLandscapeResources/DataLayer.uasset" 52
"../../../Engine/Content/EditorLandscapeResources/DataLayer.uexp" 53
"../../../Engine/Content/EditorLandscapeResources/DefaultAlphaTexture.uasset" 54
"../../../Engine/Content/EditorLandscapeResources/DefaultAlphaTexture.uexp" 55
"../../../Engine/Content/EditorMaterials/MAT_Groups_Toggle.uasset" 56
"../../../Engine/Content/EditorMaterials/MAT_Groups_Toggle.uexp" 57
"../../../Engine/Content/EditorMaterials/MAT_Groups_Visibility.uasset" 58
"../../../Engine/Content/EditorMaterials/MAT_Groups_Visibility.uexp" 59
"../../../Engine/Content/EditorMaterials/PreviewShadowIndicator.uasset" 60
"../../../Engine/Content/EditorMaterials/PreviewShadowIndicator.uexp" 61
"../../../Engine/Content/EditorMaterials/PreviewShadowIndicator.ubulk" 62
"../../../Engine/Content/EditorMaterials/PreviewShadowIndicatorMaterial.uasset" 63
"../../../Engine/Content/EditorMaterials/PreviewShadowIndicatorMaterial.uexp" 64
"../../../Engine/Content/EditorMaterials/MatineeGroups/MAT_ColorTrack.uasset" 65
"../../../Engine/Content/EditorMaterials/MatineeGroups/MAT_ColorTrack.uexp" 66
"../../../Engine/Content/EditorMaterials/MatineeGroups/MAT_Groups_Anim.uasset" 67
"../../../Engine/Content/EditorMaterials/MatineeGroups/MAT_Groups_Anim.uexp" 68
"../../../Engine/Content/EditorMaterials/MatineeGroups/MAT_Groups_AudioMaster.uasset" 69
"../../../Engine/Content/EditorMaterials/MatineeGroups/MAT_Groups_AudioMaster.uexp" 70
"../../../Engine/Content/EditorMaterials/MatineeGroups/MAT_Groups_Director.uasset" 71
"../../../Engine/Content/EditorMaterials/MatineeGroups/MAT_Groups_Director.uexp" 72
"../../../Engine/Content/EditorMaterials/MatineeGroups/MAT_Groups_Event.uasset" 73
"../../../Engine/Content/EditorMaterials/MatineeGroups/MAT_Groups_Event.uexp" 74
"../../../Engine/Content/EditorMaterials/MatineeGroups/MAT_Groups_Fade.uasset" 75
"../../../Engine/Content/EditorMaterials/MatineeGroups/MAT_Groups_Fade.uexp" 76
"../../../Engine/Content/EditorMaterials/MatineeGroups/MAT_Groups_Float.uasset" 77
"../../../Engine/Content/EditorMaterials/MatineeGroups/MAT_Groups_Float.uexp" 78
"../../../Engine/Content/EditorMaterials/MatineeGroups/MAT_Groups_Move.uasset" 79
"../../../Engine/Content/EditorMaterials/MatineeGroups/MAT_Groups_Move.uexp" 80
"../../../Engine/Content/EditorMaterials/MatineeGroups/MAT_Groups_Slomo.uasset" 81
"../../../Engine/Content/EditorMaterials/MatineeGroups/MAT_Groups_Slomo.uexp" 82
"../../../Engine/Content/EditorMaterials/MatineeGroups/MAT_Groups_Sound.uasset" 83
"../../../Engine/Content/EditorMaterials/MatineeGroups/MAT_Groups_Sound.uexp" 84
"../../../Engine/Content/EditorMaterials/MatineeGroups/MAT_Groups_Vector.uasset" 85
"../../../Engine/Content/EditorMaterials/MatineeGroups/MAT_Groups_Vector.uexp" 86
"../../../Engine/Content/EditorMaterials/ParticleSystems/PSysThumbnail_NoImage.uasset" 87
"../../../Engine/Content/EditorMaterials/ParticleSystems/PSysThumbnail_NoImage.uexp" 88
"../../../Engine/Content/EditorMaterials/ParticleSystems/PSysThumbnail_NoImage.ubulk" 89
"../../../Engine/Content/EditorMaterials/ParticleSystems/PSysThumbnail_OOD.uasset" 90
"../../../Engine/Content/EditorMaterials/ParticleSystems/PSysThumbnail_OOD.uexp" 91
"../../../Engine/Content/EditorMaterials/ParticleSystems/PSysThumbnail_OOD.ubulk" 92
"../../../Engine/Content/EditorMaterials/Camera/CineMat.uasset" 93
"../../../Engine/Content/EditorMaterials/Camera/CineMat.uexp" 94
"../../../Engine/Content/EditorMaterials/Camera/MI_CineMat_Rig.uasset" 95
"../../../Engine/Content/EditorMaterials/Camera/MI_CineMat_Rig.uexp" 96
"../../../Engine/Content/EditorMeshes/Camera/SM_CraneRig_Arm.uasset" 97
"../../../Engine/Content/EditorMeshes/Camera/SM_CraneRig_Arm.uexp" 98
"../../../Engine/Content/EditorMeshes/Camera/SM_CraneRig_Base.uasset" 99
"../../../Engine/Content/EditorMeshes/Camera/SM_CraneRig_Base.uexp" 100
"../../../Engine/Content/EditorMeshes/Camera/SM_CraneRig_Body.uasset" 101
"../../../Engine/Content/EditorMeshes/Camera/SM_CraneRig_Body.uexp" 102
"../../../Engine/Content/EditorMeshes/Camera/SM_CraneRig_Mount.uasset" 103
"../../../Engine/Content/EditorMeshes/Camera/SM_CraneRig_Mount.uexp" 104
"../../../Engine/Content/EditorMeshes/Camera/SM_RailRig_Mount.uasset" 105
"../../../Engine/Content/EditorMeshes/Camera/SM_RailRig_Mount.uexp" 106
"../../../Engine/Content/EditorMeshes/Camera/SM_RailRig_Track.uasset" 107
"../../../Engine/Content/EditorMeshes/Camera/SM_RailRig_Track.uexp" 108
"../../../Engine/Content/EditorResources/BSPVertex.uasset" 109
"../../../Engine/Content/EditorResources/BSPVertex.uexp" 110
"../../../Engine/Content/EditorResources/EmptyActor.uasset" 111
"../../../Engine/Content/EditorResources/EmptyActor.uexp" 112
"../../../Engine/Content/EditorResources/S_Actor.uasset" 113
"../../../Engine/Content/EditorResources/S_Actor.uexp" 114
"../../../Engine/Content/EditorResources/S_Actor.ubulk" 115
"../../../Engine/Content/EditorResources/S_Note.uasset" 116
"../../../Engine/Content/EditorResources/S_Note.uexp" 117
"../../../Engine/Content/EditorResources/S_Note.ubulk" 118
"../../../Engine/Content/EditorResources/S_Solver.uasset" 119
"../../../Engine/Content/EditorResources/S_Solver.uexp" 120
"../../../Engine/Content/EditorResources/S_Solver.ubulk" 121
"../../../Engine/Content/EditorResources/S_Terrain.uasset" 122
"../../../Engine/Content/EditorResources/S_Terrain.uexp" 123
"../../../Engine/Content/EditorResources/S_Terrain.ubulk" 124
"../../../Engine/Content/EditorResources/S_Trigger.uasset" 125
"../../../Engine/Content/EditorResources/S_Trigger.uexp" 126
"../../../Engine/Content/EditorResources/S_Trigger.ubulk" 127
"../../../Engine/Content/EditorResources/LightIcons/S_LightError.uasset" 128
"../../../Engine/Content/EditorResources/LightIcons/S_LightError.uexp" 129
"../../../Engine/Content/EditorResources/SequenceRecorder/Countdown.uasset" 130
"../../../Engine/Content/EditorResources/SequenceRecorder/Countdown.uexp" 131
"../../../Engine/Content/EditorResources/SequenceRecorder/RecordingIndicator.uasset" 132
"../../../Engine/Content/EditorResources/SequenceRecorder/RecordingIndicator.uexp" 133
"../../../Engine/Content/EngineDamageTypes/DmgTypeBP_Environmental.uasset" 134
"../../../Engine/Content/EngineDamageTypes/DmgTypeBP_Environmental.uexp" 135
"../../../Engine/Content/EngineDebugMaterials/DebugEditorMaterial.uasset" 136
"../../../Engine/Content/EngineDebugMaterials/DebugEditorMaterial.uexp" 137
"../../../Engine/Content/EngineDebugMaterials/DebugMeshMaterial.uasset" 138
"../../../Engine/Content/EngineDebugMaterials/DebugMeshMaterial.uexp" 139
"../../../Engine/Content/EngineDebugMaterials/M_SimpleUnlitTranslucent.uasset" 140
"../../../Engine/Content/EngineDebugMaterials/M_SimpleUnlitTranslucent.uexp" 141
"../../../Engine/Content/EngineDebugMaterials/VolumeToRender.uasset" 142
"../../../Engine/Content/EngineDebugMaterials/VolumeToRender.uexp" 143
"../../../Engine/Content/Functions/Engine_MaterialFunctions02/Utility/CameraDirectionVector.uasset" 144
"../../../Engine/Content/Functions/Engine_MaterialFunctions02/Utility/CameraDirectionVector.uexp" 145
"../../../Engine/Content/EngineDebugMaterials/M_VolumeRenderSphereTracePP.uasset" 146
"../../../Engine/Content/EngineDebugMaterials/M_VolumeRenderSphereTracePP.uexp" 147
"../../../Engine/Content/Functions/Engine_MaterialFunctions01/Shading/ConvertFromDiffSpec.uasset" 148
"../../../Engine/Content/Functions/Engine_MaterialFunctions01/Shading/ConvertFromDiffSpec.uexp" 149
"../../../Engine/Content/EngineDebugMaterials/VertexColorMaterial.uasset" 150
"../../../Engine/Content/EngineDebugMaterials/VertexColorMaterial.uexp" 151
"../../../Engine/Content/EngineDebugMaterials/WireframeMaterial.uasset" 152
"../../../Engine/Content/EngineDebugMaterials/WireframeMaterial.uexp" 153
"../../../Engine/Content/EngineFonts/Faces/RobotoRegular.uasset" 154
"../../../Engine/Content/EngineFonts/Faces/RobotoRegular.uexp" 155
"../../../Engine/Content/EngineFonts/Faces/RobotoRegular.ufont" 156
"../../../Engine/Content/EngineFonts/Faces/RobotoLight.uasset" 157
"../../../Engine/Content/EngineFonts/Faces/RobotoLight.uexp" 158
"../../../Engine/Content/EngineFonts/Faces/RobotoLight.ufont" 159
"../../../Engine/Content/EngineFonts/Faces/RobotoItalic.uasset" 160
"../../../Engine/Content/EngineFonts/Faces/RobotoItalic.uexp" 161
"../../../Engine/Content/EngineFonts/Faces/RobotoItalic.ufont" 162
"../../../Engine/Content/EngineFonts/Faces/RobotoBoldItalic.uasset" 163
"../../../Engine/Content/EngineFonts/Faces/RobotoBoldItalic.uexp" 164
"../../../Engine/Content/EngineFonts/Faces/RobotoBoldItalic.ufont" 165
"../../../Engine/Content/EngineFonts/Faces/RobotoBold.uasset" 166
"../../../Engine/Content/EngineFonts/Faces/RobotoBold.uexp" 167
"../../../Engine/Content/EngineFonts/Faces/RobotoBold.ufont" 168
"../../../Engine/Content/EngineFonts/Faces/DroidSansFallback.uasset" 169
"../../../Engine/Content/EngineFonts/Faces/DroidSansFallback.uexp" 170
"../../../Engine/Content/EngineFonts/Faces/DroidSansFallback.ufont" 171
"../../../Engine/Content/EngineFonts/Roboto.uasset" 172
"../../../Engine/Content/EngineFonts/Roboto.uexp" 173
"../../../Engine/Content/EngineMaterials/BaseFlattenDiffuseMap.uasset" 174
"../../../Engine/Content/EngineMaterials/BaseFlattenDiffuseMap.uexp" 175
"../../../Engine/Content/EngineMaterials/BaseFlattenNormalMap.uasset" 176
"../../../Engine/Content/EngineMaterials/BaseFlattenNormalMap.uexp" 177
"../../../Engine/Content/EngineMaterials/BaseFlattenGrayscaleMap.uasset" 178
"../../../Engine/Content/EngineMaterials/BaseFlattenGrayscaleMap.uexp" 179
"../../../Engine/Content/EngineMaterials/BaseFlattenEmissiveMap.uasset" 180
"../../../Engine/Content/EngineMaterials/BaseFlattenEmissiveMap.uexp" 181
"../../../Engine/Content/EngineMaterials/BaseFlattenMaterial.uasset" 182
"../../../Engine/Content/EngineMaterials/BaseFlattenMaterial.uexp" 183
"../../../Engine/Content/EngineMaterials/BlueNoise.uasset" 184
"../../../Engine/Content/EngineMaterials/BlueNoise.uexp" 185
"../../../Engine/Content/EngineMaterials/DefaultBloomKernel.uasset" 186
"../../../Engine/Content/EngineMaterials/DefaultBloomKernel.uexp" 187
"../../../Engine/Content/EngineMaterials/DefaultBokeh.uasset" 188
"../../../Engine/Content/EngineMaterials/DefaultBokeh.uexp" 189
"../../../Engine/Content/EngineMaterials/DefaultDiffuse.uasset" 190
"../../../Engine/Content/EngineMaterials/DefaultDiffuse.uexp" 191
"../../../Engine/Content/EngineMaterials/DefaultDiffuse.ubulk" 192
"../../../Engine/Content/EngineMaterials/DefaultDeferredDecalMaterial.uasset" 193
"../../../Engine/Content/EngineMaterials/DefaultDeferredDecalMaterial.uexp" 194
"../../../Engine/Content/EngineMaterials/DefaultLightFunctionMaterial.uasset" 195
"../../../Engine/Content/EngineMaterials/DefaultLightFunctionMaterial.uexp" 196
"../../../Engine/Content/EngineMaterials/DefaultPhysicalMaterial.uasset" 197
"../../../Engine/Content/EngineMaterials/DefaultPhysicalMaterial.uexp" 198
"../../../Engine/Content/Functions/Engine_MaterialFunctions02/Utility/BreakOutFloat2Components.uasset" 199
"../../../Engine/Content/Functions/Engine_MaterialFunctions02/Utility/BreakOutFloat2Components.uexp" 200
"../../../Engine/Content/EngineMaterials/DefaultPostProcessMaterial.uasset" 201
"../../../Engine/Content/EngineMaterials/DefaultPostProcessMaterial.uexp" 202
"../../../Engine/Content/EngineFonts/RobotoDistanceField.uasset" 203
"../../../Engine/Content/EngineFonts/RobotoDistanceField.uexp" 204
"../../../Engine/Content/EngineMaterials/DefaultTextMaterialOpaque.uasset" 205
"../../../Engine/Content/EngineMaterials/DefaultTextMaterialOpaque.uexp" 206
"../../../Engine/Content/EngineMaterials/DefaultWhiteGrid.uasset" 207
"../../../Engine/Content/EngineMaterials/DefaultWhiteGrid.uexp" 208
"../../../Engine/Content/EngineMaterials/DefaultWhiteGrid.ubulk" 209
"../../../Engine/Content/EngineMaterials/DefaultWhiteGrid_Low.uasset" 210
"../../../Engine/Content/EngineMaterials/DefaultWhiteGrid_Low.uexp" 211
"../../../Engine/Content/EngineMaterials/EmissiveMeshMaterial.uasset" 212
"../../../Engine/Content/EngineMaterials/EmissiveMeshMaterial.uexp" 213
"../../../Engine/Content/EngineMaterials/GizmoMaterial.uasset" 214
"../../../Engine/Content/EngineMaterials/GizmoMaterial.uexp" 215
"../../../Engine/Content/EngineMaterials/Good64x64TilingNoiseHighFreq.uasset" 216
"../../../Engine/Content/EngineMaterials/Good64x64TilingNoiseHighFreq.uexp" 217
"../../../Engine/Content/EngineMaterials/MiniFont.uasset" 218
"../../../Engine/Content/EngineMaterials/MiniFont.uexp" 219
"../../../Engine/Content/EngineMaterials/InvalidLightmapSettings.uasset" 220
"../../../Engine/Content/EngineMaterials/InvalidLightmapSettings.uexp" 221
"../../../Engine/Content/EngineMaterials/InvalidLightmapSettings.ubulk" 222
"../../../Engine/Content/EngineMaterials/M_InvalidLightmapSettings.uasset" 223
"../../../Engine/Content/EngineMaterials/M_InvalidLightmapSettings.uexp" 224
"../../../Engine/Content/Functions/Engine_MaterialFunctions02/WorldPositionOffset/CameraOffset.uasset" 225
"../../../Engine/Content/Functions/Engine_MaterialFunctions02/WorldPositionOffset/CameraOffset.uexp" 226
"../../../Engine/Content/EngineMaterials/PhAT_JointLimitMaterial.uasset" 227
"../../../Engine/Content/EngineMaterials/PhAT_JointLimitMaterial.uexp" 228
"../../../Engine/Content/EngineMaterials/DefaultCalibrationColor.uasset" 229
"../../../Engine/Content/EngineMaterials/DefaultCalibrationColor.uexp" 230
"../../../Engine/Content/EngineMaterials/PPM_DefaultCalibrationColor.uasset" 231
"../../../Engine/Content/EngineMaterials/PPM_DefaultCalibrationColor.uexp" 232
"../../../Engine/Content/EngineMaterials/DefaultCalibrationGrayscale.uasset" 233
"../../../Engine/Content/EngineMaterials/DefaultCalibrationGrayscale.uexp" 234
"../../../Engine/Content/EngineMaterials/PPM_DefaultCalibrationGrayscale.uasset" 235
"../../../Engine/Content/EngineMaterials/PPM_DefaultCalibrationGrayscale.uexp" 236
"../../../Engine/Content/EngineMaterials/PreintegratedSkinBRDF.uasset" 237
"../../../Engine/Content/EngineMaterials/PreintegratedSkinBRDF.uexp" 238
"../../../Engine/Content/EngineMaterials/RemoveSurfaceMaterial.uasset" 239
"../../../Engine/Content/EngineMaterials/RemoveSurfaceMaterial.uexp" 240
"../../../Engine/Content/EngineMaterials/WeightMapPlaceholderTexture.uasset" 241
"../../../Engine/Content/EngineMaterials/WeightMapPlaceholderTexture.uexp" 242
"../../../Engine/Content/EngineResources/WhiteSquareTexture.uasset" 243
"../../../Engine/Content/EngineResources/WhiteSquareTexture.uexp" 244
"../../../Engine/Content/EngineMaterials/Widget3DPassThrough.uasset" 245
"../../../Engine/Content/EngineMaterials/Widget3DPassThrough.uexp" 246
"../../../Engine/Content/EngineMaterials/Widget3DPassThrough_Masked.uasset" 247
"../../../Engine/Content/EngineMaterials/Widget3DPassThrough_Masked.uexp" 248
"../../../Engine/Content/EngineMaterials/Widget3DPassThrough_Opaque.uasset" 249
"../../../Engine/Content/EngineMaterials/Widget3DPassThrough_Opaque.uexp" 250
"../../../Engine/Content/EngineMaterials/Widget3DPassThrough_Masked_OneSided.uasset" 251
"../../../Engine/Content/EngineMaterials/Widget3DPassThrough_Masked_OneSided.uexp" 252
"../../../Engine/Content/EngineMaterials/Widget3DPassThrough_Opaque_OneSided.uasset" 253
"../../../Engine/Content/EngineMaterials/Widget3DPassThrough_Opaque_OneSided.uexp" 254
"../../../Engine/Content/EngineMaterials/Widget3DPassThrough_Translucent.uasset" 255
"../../../Engine/Content/EngineMaterials/Widget3DPassThrough_Translucent.uexp" 256
"../../../Engine/Content/EngineMaterials/Widget3DPassThrough_Translucent_OneSided.uasset" 257
"../../../Engine/Content/EngineMaterials/Widget3DPassThrough_Translucent_OneSided.uexp" 258
"../../../Engine/Content/EngineMeshes/Cylinder.uasset" 259
"../../../Engine/Content/EngineMeshes/Cylinder.uexp" 260
"../../../Engine/Content/EngineMeshes/Sphere.uasset" 261
"../../../Engine/Content/EngineMeshes/Sphere.uexp" 262
"../../../Engine/Content/EngineResources/DefaultTexture.uasset" 263
"../../../Engine/Content/EngineResources/DefaultTexture.uexp" 264
"../../../Engine/Content/EngineResources/DefaultTexture.ubulk" 265
"../../../Engine/Content/EngineResources/DefaultTextureCube.uasset" 266
"../../../Engine/Content/EngineResources/DefaultTextureCube.uexp" 267
"../../../Engine/Content/EngineResources/DefaultVolumeTexture2D.uasset" 268
"../../../Engine/Content/EngineResources/DefaultVolumeTexture2D.uexp" 269
"../../../Engine/Content/EngineResources/DefaultVolumeTexture.uasset" 270
"../../../Engine/Content/EngineResources/DefaultVolumeTexture.uexp" 271
"../../../Engine/Content/EngineResources/GradientTexture0.uasset" 272
"../../../Engine/Content/EngineResources/GradientTexture0.uexp" 273
"../../../Engine/Content/EngineSky/VolumetricClouds/T_NoiseShape64.uasset" 274
"../../../Engine/Content/EngineSky/VolumetricClouds/T_NoiseShape64.uexp" 275
"../../../Engine/Content/EngineSky/VolumetricClouds/T_NoiseShape64.ubulk" 276
"../../../Engine/Content/EngineSky/VolumetricClouds/T_VolumeNoiseShape64.uasset" 277
"../../../Engine/Content/EngineSky/VolumetricClouds/T_VolumeNoiseShape64.uexp" 278
"../../../Engine/Content/EngineSky/VolumetricClouds/T_NoiseErosion.uasset" 279
"../../../Engine/Content/EngineSky/VolumetricClouds/T_NoiseErosion.uexp" 280
"../../../Engine/Content/EngineSky/VolumetricClouds/T_NoiseErosion.ubulk" 281
"../../../Engine/Content/EngineSky/VolumetricClouds/T_VolumeNoiseErosion32.uasset" 282
"../../../Engine/Content/EngineSky/VolumetricClouds/T_VolumeNoiseErosion32.uexp" 283
"../../../Engine/Content/EngineSky/VolumetricClouds/CloudWeatherTexture.uasset" 284
"../../../Engine/Content/EngineSky/VolumetricClouds/CloudWeatherTexture.uexp" 285
"../../../Engine/Content/EngineSky/VolumetricClouds/CloudGradientTexture.uasset" 286
"../../../Engine/Content/EngineSky/VolumetricClouds/CloudGradientTexture.uexp" 287
"../../../Engine/Content/Functions/Engine_MaterialFunctions02/Utility/MakeFloat2.uasset" 288
"../../../Engine/Content/Functions/Engine_MaterialFunctions02/Utility/MakeFloat2.uexp" 289
"../../../Engine/Content/EngineSky/VolumetricClouds/m_SimpleVolumetricCloud.uasset" 290
"../../../Engine/Content/EngineSky/VolumetricClouds/m_SimpleVolumetricCloud.uexp" 291
"../../../Engine/Content/EngineSky/VolumetricClouds/m_SimpleVolumetricCloud_Inst.uasset" 292
"../../../Engine/Content/EngineSky/VolumetricClouds/m_SimpleVolumetricCloud_Inst.uexp" 293
"../../../Engine/Content/EngineSounds/Master.uasset" 294
"../../../Engine/Content/EngineSounds/Master.uexp" 295
"../../../Engine/Content/Functions/Engine_MaterialFunctions01/Shading/PowerToRoughness.uasset" 296
"../../../Engine/Content/Functions/Engine_MaterialFunctions01/Shading/PowerToRoughness.uexp" 297
"../../../Engine/Content/Maps/Templates/Thumbnails/Default.uasset" 298
"../../../Engine/Content/Maps/Templates/Thumbnails/Default.uexp" 299
"../../../Engine/Content/Maps/Templates/Thumbnails/TimeOfDay.uasset" 300
"../../../Engine/Content/Maps/Templates/Thumbnails/TimeOfDay.uexp" 301
"../../../Engine/Content/Maps/Templates/Thumbnails/VR-Basic.uasset" 302
"../../../Engine/Content/Maps/Templates/Thumbnails/VR-Basic.uexp" 303
"../../../Engine/Content/MobileResources/T_MobileControls_texture.uasset" 304
"../../../Engine/Content/MobileResources/T_MobileControls_texture.uexp" 305
"../../../Engine/Content/MobileResources/T_MobileMenu2.uasset" 306
"../../../Engine/Content/MobileResources/T_MobileMenu2.uexp" 307
"../../../Engine/Content/MobileResources/HUD/AnalogHat.uasset" 308
"../../../Engine/Content/MobileResources/HUD/AnalogHat.uexp" 309
"../../../Engine/Content/MobileResources/HUD/VirtualJoystick_Thumb.uasset" 310
"../../../Engine/Content/MobileResources/HUD/VirtualJoystick_Thumb.uexp" 311
"../../../Engine/Content/MobileResources/HUD/VirtualJoystick_Background.uasset" 312
"../../../Engine/Content/MobileResources/HUD/VirtualJoystick_Background.uexp" 313
"../../../Engine/Content/MobileResources/HUD/DefaultVirtualJoysticks.uasset" 314
"../../../Engine/Content/MobileResources/HUD/DefaultVirtualJoysticks.uexp" 315
"../../../Engine/Content/MobileResources/HUD/LeftVirtualJoystickOnly.uasset" 316
"../../../Engine/Content/MobileResources/HUD/LeftVirtualJoystickOnly.uexp" 317
"../../../Engine/Content/MobileResources/HUD/MobileHUDButton1_off.uasset" 318
"../../../Engine/Content/MobileResources/HUD/MobileHUDButton1_off.uexp" 319
"../../../Engine/Content/MobileResources/HUD/MobileHUDButton1_on.uasset" 320
"../../../Engine/Content/MobileResources/HUD/MobileHUDButton1_on.uexp" 321
"../../../Engine/Content/MobileResources/HUD/MobileHUDButton2_off.uasset" 322
"../../../Engine/Content/MobileResources/HUD/MobileHUDButton2_off.uexp" 323
"../../../Engine/Content/MobileResources/HUD/MobileHUDButton2_on.uasset" 324
"../../../Engine/Content/MobileResources/HUD/MobileHUDButton2_on.uexp" 325
"../../../Engine/Content/MobileResources/HUD/MobileHUDButton3.uasset" 326
"../../../Engine/Content/MobileResources/HUD/MobileHUDButton3.uexp" 327
"../../../Engine/Content/MobileResources/HUD/MobileHUDButtonFire.uasset" 328
"../../../Engine/Content/MobileResources/HUD/MobileHUDButtonFire.uexp" 329
"../../../Engine/Content/MobileResources/HUD/MobileHUDDirectionPad.uasset" 330
"../../../Engine/Content/MobileResources/HUD/MobileHUDDirectionPad.uexp" 331
"../../../Engine/Content/MobileResources/HUD/MobileHUDDirectionPad2.uasset" 332
"../../../Engine/Content/MobileResources/HUD/MobileHUDDirectionPad2.uexp" 333
"../../../Engine/Content/MobileResources/HUD/MobileHUDDirectionPad3.uasset" 334
"../../../Engine/Content/MobileResources/HUD/MobileHUDDirectionPad3.uexp" 335
"../../../Engine/Content/MobileResources/HUD/MobileHUDDirectionStick.uasset" 336
"../../../Engine/Content/MobileResources/HUD/MobileHUDDirectionStick.uexp" 337
"../../../Engine/Content/MobileResources/HUD/T_Castle_ThumbstickInner.uasset" 338
"../../../Engine/Content/MobileResources/HUD/T_Castle_ThumbstickInner.uexp" 339
"../../../Engine/Content/MobileResources/HUD/T_Castle_ThumbstickOutter.uasset" 340
"../../../Engine/Content/MobileResources/HUD/T_Castle_ThumbstickOutter.uexp" 341
"../../../Engine/Content/Tutorial/ContentIntroCurve.uasset" 342
"../../../Engine/Content/Tutorial/ContentIntroCurve.uexp" 343
"../../../Engine/Content/Tutorial/Basics/TutorialAssets/icon_tab_Levels_40x.uasset" 344
"../../../Engine/Content/Tutorial/Basics/TutorialAssets/icon_tab_Levels_40x.uexp" 345
"../../../Engine/Content/Tutorial/BlueprintTutorials/TutorialAssets/Blueprint_64x.uasset" 346
"../../../Engine/Content/Tutorial/BlueprintTutorials/TutorialAssets/Blueprint_64x.uexp" 347
"../../../Engine/Content/VREditor/TransformGizmo/TranslucentTransformGizmoMaterial.uasset" 348
"../../../Engine/Content/VREditor/TransformGizmo/TranslucentTransformGizmoMaterial.uexp" 349
"../../../Engine/Content/VREditor/LaserPointer/VR_LaserPower_01.uasset" 350
"../../../Engine/Content/VREditor/LaserPointer/VR_LaserPower_01.uexp" 351
"../../../Engine/Content/VREditor/LaserPointer/VR_LaserPower_01.ubulk" 352
"../../../Engine/Content/VREditor/TransformGizmo/TransformGizmoMaterial.uasset" 353
"../../../Engine/Content/VREditor/TransformGizmo/TransformGizmoMaterial.uexp" 354
"../../../Engine/Content/VREditor/TransformGizmo/BoundingBoxCorner.uasset" 355
"../../../Engine/Content/VREditor/TransformGizmo/BoundingBoxCorner.uexp" 356
"../../../Engine/Content/VREditor/TransformGizmo/BoundingBoxEdge.uasset" 357
"../../../Engine/Content/VREditor/TransformGizmo/BoundingBoxEdge.uexp" 358
"../../../Engine/Content/VREditor/TransformGizmo/PlaneTranslationHandle.uasset" 359
"../../../Engine/Content/VREditor/TransformGizmo/PlaneTranslationHandle.uexp" 360
"../../../Engine/Content/VREditor/TransformGizmo/Xray.uasset" 361
"../../../Engine/Content/VREditor/TransformGizmo/Xray.uexp" 362
"../../../Engine/Content/VREditor/TransformGizmo/Main.uasset" 363
"../../../Engine/Content/VREditor/TransformGizmo/Main.uexp" 364
"../../../Engine/Content/VREditor/TransformGizmo/SM_Sequencer_Key.uasset" 365
"../../../Engine/Content/VREditor/TransformGizmo/SM_Sequencer_Key.uexp" 366
"../../../Engine/Content/VREditor/TransformGizmo/SM_Sequencer_Node.uasset" 367
"../../../Engine/Content/VREditor/TransformGizmo/SM_Sequencer_Node.uexp" 368
"../../../Engine/Plugins/2D/Paper2D/Content/DummySprite.uasset" 369
"../../../Engine/Plugins/2D/Paper2D/Content/DummySprite.uexp" 370
"../../../Engine/Plugins/2D/Paper2D/Content/DefaultPaperTerrainMaterial.uasset" 371
"../../../Engine/Plugins/2D/Paper2D/Content/DefaultPaperTerrainMaterial.uexp" 372
"../../../Engine/Plugins/2D/Paper2D/Content/MaskedUnlitSpriteMaterial.uasset" 373
"../../../Engine/Plugins/2D/Paper2D/Content/MaskedUnlitSpriteMaterial.uexp" 374
"../../../Engine/Plugins/2D/Paper2D/Content/OpaqueUnlitSpriteMaterial.uasset" 375
"../../../Engine/Plugins/2D/Paper2D/Content/OpaqueUnlitSpriteMaterial.uexp" 376
"../../../Engine/Content/Functions/Engine_MaterialFunctions02/Utility/BreakOutFloat3Components.uasset" 377
"../../../Engine/Content/Functions/Engine_MaterialFunctions02/Utility/BreakOutFloat3Components.uexp" 378
"../../../Engine/Plugins/Editor/SpeedTreeImporter/Content/SpeedTree9/UnpackInteger3.uasset" 379
"../../../Engine/Plugins/Editor/SpeedTreeImporter/Content/SpeedTree9/UnpackInteger3.uexp" 380
"../../../Engine/Plugins/Editor/SpeedTreeImporter/Content/SpeedTree9/UnpackDirection.uasset" 381
"../../../Engine/Plugins/Editor/SpeedTreeImporter/Content/SpeedTree9/UnpackDirection.uexp" 382
"../../../Engine/Plugins/Editor/SpeedTreeImporter/Content/SpeedTree9/game_wind_noise.uasset" 383
"../../../Engine/Plugins/Editor/SpeedTreeImporter/Content/SpeedTree9/game_wind_noise.uexp" 384
"../../../Engine/Plugins/Editor/SpeedTreeImporter/Content/SpeedTree9/game_wind_noise.ubulk" 385
"../../../Engine/Content/Functions/Engine_MaterialFunctions02/SafeNormalize.uasset" 386
"../../../Engine/Content/Functions/Engine_MaterialFunctions02/SafeNormalize.uexp" 387
"../../../Engine/Plugins/Editor/SpeedTreeImporter/Content/SpeedTree9/SpeedTreeWindMotion.uasset" 388
"../../../Engine/Plugins/Editor/SpeedTreeImporter/Content/SpeedTree9/SpeedTreeWindMotion.uexp" 389
"../../../Engine/Plugins/Editor/SpeedTreeImporter/Content/SpeedTree9/SpeedTreeBranchMotion.uasset" 390
"../../../Engine/Plugins/Editor/SpeedTreeImporter/Content/SpeedTree9/SpeedTreeBranchMotion.uexp" 391
"../../../Engine/Content/Functions/Engine_MaterialFunctions02/ObjectLocalBounds.uasset" 392
"../../../Engine/Content/Functions/Engine_MaterialFunctions02/ObjectLocalBounds.uexp" 393
"../../../Engine/Content/Functions/Engine_MaterialFunctions02/UVs/BoundingBoxBased_0-1_UVW.uasset" 394
"../../../Engine/Content/Functions/Engine_MaterialFunctions02/UVs/BoundingBoxBased_0-1_UVW.uexp" 395
"../../../Engine/Content/Functions/Engine_MaterialFunctions02/Utility/VectorLength.uasset" 396
"../../../Engine/Content/Functions/Engine_MaterialFunctions02/Utility/VectorLength.uexp" 397
"../../../Engine/Content/Functions/Engine_MaterialFunctions02/WorldPositionOffset/ObjectScale.uasset" 398
"../../../Engine/Content/Functions/Engine_MaterialFunctions02/WorldPositionOffset/ObjectScale.uexp" 399
"../../../Engine/Plugins/Editor/SpeedTreeImporter/Content/SpeedTree9/SpeedTreeWind.uasset" 400
"../../../Engine/Plugins/Editor/SpeedTreeImporter/Content/SpeedTree9/SpeedTreeWind.uexp" 401
"../../../Engine/Plugins/Editor/SpeedTreeImporter/Content/SpeedTree9/SpeedTreeBillboard.uasset" 402
"../../../Engine/Plugins/Editor/SpeedTreeImporter/Content/SpeedTree9/SpeedTreeBillboard.uexp" 403
"../../../Engine/Plugins/Editor/SpeedTreeImporter/Content/SpeedTree9/EmptyNormal.uasset" 404
"../../../Engine/Plugins/Editor/SpeedTreeImporter/Content/SpeedTree9/EmptyNormal.uexp" 405
"../../../Engine/Plugins/Editor/SpeedTreeImporter/Content/SpeedTree9/Empty.uasset" 406
"../../../Engine/Plugins/Editor/SpeedTreeImporter/Content/SpeedTree9/Empty.uexp" 407
"../../../Engine/Plugins/Editor/SpeedTreeImporter/Content/SpeedTree9/SpeedTreeBillboardMaster.uasset" 408
"../../../Engine/Plugins/Editor/SpeedTreeImporter/Content/SpeedTree9/SpeedTreeBillboardMaster.uexp" 409
"../../../Engine/Plugins/Editor/SpeedTreeImporter/Content/SpeedTree9/SpeedTreeCameraFacing.uasset" 410
"../../../Engine/Plugins/Editor/SpeedTreeImporter/Content/SpeedTree9/SpeedTreeCameraFacing.uexp" 411
"../../../Engine/Plugins/Editor/SpeedTreeImporter/Content/SpeedTree9/SpeedTreeMaster.uasset" 412
"../../../Engine/Plugins/Editor/SpeedTreeImporter/Content/SpeedTree9/SpeedTreeMaster.uexp" 413
"../../../Engine/Content/ArtTools/RenderToTexture/Materials/Debug/M_Emissive_Color.uasset" 414
"../../../Engine/Content/ArtTools/RenderToTexture/Materials/Debug/M_Emissive_Color.uexp" 415
"../../../Engine/Content/BasicShapes/Cylinder.uasset" 416
"../../../Engine/Content/BasicShapes/Cylinder.uexp" 417
"../../../Engine/Plugins/Lumin/MagicLeapPassableWorld/Content/MagicLeapARPinInfoActor.uasset" 418
"../../../Engine/Plugins/Lumin/MagicLeapPassableWorld/Content/MagicLeapARPinInfoActor.uexp" 419
"../../../Engine/Plugins/Runtime/OpenXR/Content/Devices/GoogleDaydream/MRTexture.uasset" 420
"../../../Engine/Plugins/Runtime/OpenXR/Content/Devices/GoogleDaydream/MRTexture.uexp" 421
"../../../Engine/Plugins/Runtime/OpenXR/Content/Devices/GoogleDaydream/MRTexture.ubulk" 422
"../../../Engine/Plugins/Runtime/OpenXR/Content/Devices/GoogleDaydream/BaseTexture.uasset" 423
"../../../Engine/Plugins/Runtime/OpenXR/Content/Devices/GoogleDaydream/BaseTexture.uexp" 424
"../../../Engine/Plugins/Runtime/OpenXR/Content/Devices/GoogleDaydream/BaseTexture.ubulk" 425
"../../../Engine/Content/EngineResources/Black.uasset" 426
"../../../Engine/Content/EngineResources/Black.uexp" 427
"../../../Engine/Plugins/Runtime/OpenXR/Content/Devices/M_XRController.uasset" 428
"../../../Engine/Plugins/Runtime/OpenXR/Content/Devices/M_XRController.uexp" 429
"../../../Engine/Plugins/Runtime/OpenXR/Content/Devices/GoogleDaydream/MI_GoogleDaydream.uasset" 430
"../../../Engine/Plugins/Runtime/OpenXR/Content/Devices/GoogleDaydream/MI_GoogleDaydream.uexp" 431
"../../../Engine/Plugins/Runtime/OpenXR/Content/Devices/GoogleDaydream/GoogleDaydreamController.uasset" 432
"../../../Engine/Plugins/Runtime/OpenXR/Content/Devices/GoogleDaydream/GoogleDaydreamController.uexp" 433
"../../../Engine/Plugins/Runtime/OpenXR/Content/Devices/HTCVive/BaseTexture.uasset" 434
"../../../Engine/Plugins/Runtime/OpenXR/Content/Devices/HTCVive/BaseTexture.uexp" 435
"../../../Engine/Plugins/Runtime/OpenXR/Content/Devices/HTCVive/BaseTexture.ubulk" 436
"../../../Engine/Plugins/Runtime/OpenXR/Content/Devices/HTCVive/MI_HTCVive.uasset" 437
"../../../Engine/Plugins/Runtime/OpenXR/Content/Devices/HTCVive/MI_HTCVive.uexp" 438
"../../../Engine/Plugins/Runtime/OpenXR/Content/Devices/HTCVive/HTCViveController.uasset" 439
"../../../Engine/Plugins/Runtime/OpenXR/Content/Devices/HTCVive/HTCViveController.uexp" 440
"../../../Engine/Plugins/Runtime/OpenXR/Content/Devices/MicrosoftMixedReality/NormalTexture.uasset" 441
"../../../Engine/Plugins/Runtime/OpenXR/Content/Devices/MicrosoftMixedReality/NormalTexture.uexp" 442
"../../../Engine/Plugins/Runtime/OpenXR/Content/Devices/MicrosoftMixedReality/NormalTexture.ubulk" 443
"../../../Engine/Plugins/Runtime/OpenXR/Content/Devices/MicrosoftMixedReality/MRTexture.uasset" 444
"../../../Engine/Plugins/Runtime/OpenXR/Content/Devices/MicrosoftMixedReality/MRTexture.uexp" 445
"../../../Engine/Plugins/Runtime/OpenXR/Content/Devices/MicrosoftMixedReality/MRTexture.ubulk" 446
"../../../Engine/Plugins/Runtime/OpenXR/Content/Devices/MicrosoftMixedReality/EmissiveTexture.uasset" 447
"../../../Engine/Plugins/Runtime/OpenXR/Content/Devices/MicrosoftMixedReality/EmissiveTexture.uexp" 448
"../../../Engine/Plugins/Runtime/OpenXR/Content/Devices/MicrosoftMixedReality/EmissiveTexture.ubulk" 449
"../../../Engine/Plugins/Runtime/OpenXR/Content/Devices/MicrosoftMixedReality/BaseTexture.uasset" 450
"../../../Engine/Plugins/Runtime/OpenXR/Content/Devices/MicrosoftMixedReality/BaseTexture.uexp" 451
"../../../Engine/Plugins/Runtime/OpenXR/Content/Devices/MicrosoftMixedReality/BaseTexture.ubulk" 452
"../../../Engine/Plugins/Runtime/OpenXR/Content/Devices/MicrosoftMixedReality/MI_MicrosoftMixedReality.uasset" 453
"../../../Engine/Plugins/Runtime/OpenXR/Content/Devices/MicrosoftMixedReality/MI_MicrosoftMixedReality.uexp" 454
"../../../Engine/Plugins/Runtime/OpenXR/Content/Devices/MicrosoftMixedReality/Left/left_MicrosoftMixedRealityController.uasset" 455
"../../../Engine/Plugins/Runtime/OpenXR/Content/Devices/MicrosoftMixedReality/Left/left_MicrosoftMixedRealityController.uexp" 456
"../../../Engine/Plugins/Runtime/OpenXR/Content/Devices/MicrosoftMixedReality/Right/right_MicrosoftMixedRealityController.uasset" 457
"../../../Engine/Plugins/Runtime/OpenXR/Content/Devices/MicrosoftMixedReality/Right/right_MicrosoftMixedRealityController.uexp" 458
"../../../Engine/Plugins/Runtime/OpenXR/Content/Devices/OculusGo/BaseTexture.uasset" 459
"../../../Engine/Plugins/Runtime/OpenXR/Content/Devices/OculusGo/BaseTexture.uexp" 460
"../../../Engine/Plugins/Runtime/OpenXR/Content/Devices/OculusGo/BaseTexture.ubulk" 461
"../../../Engine/Plugins/Runtime/OpenXR/Content/Devices/OculusGo/MI_OculusGo.uasset" 462
"../../../Engine/Plugins/Runtime/OpenXR/Content/Devices/OculusGo/MI_OculusGo.uexp" 463
"../../../Engine/Plugins/Runtime/OpenXR/Content/Devices/OculusGo/OculusGoController.uasset" 464
"../../../Engine/Plugins/Runtime/OpenXR/Content/Devices/OculusGo/OculusGoController.uexp" 465
"../../../Engine/Plugins/Runtime/OpenXR/Content/Devices/OculusTouch/MRTexture.uasset" 466
"../../../Engine/Plugins/Runtime/OpenXR/Content/Devices/OculusTouch/MRTexture.uexp" 467
"../../../Engine/Plugins/Runtime/OpenXR/Content/Devices/OculusTouch/MRTexture.ubulk" 468
"../../../Engine/Plugins/Runtime/OpenXR/Content/Devices/OculusTouch/BaseTexture.uasset" 469
"../../../Engine/Plugins/Runtime/OpenXR/Content/Devices/OculusTouch/BaseTexture.uexp" 470
"../../../Engine/Plugins/Runtime/OpenXR/Content/Devices/OculusTouch/BaseTexture.ubulk" 471
"../../../Engine/Plugins/Runtime/OpenXR/Content/Devices/OculusTouch/MI_OculusTouch.uasset" 472
"../../../Engine/Plugins/Runtime/OpenXR/Content/Devices/OculusTouch/MI_OculusTouch.uexp" 473
"../../../Engine/Plugins/Runtime/OpenXR/Content/Devices/OculusTouch/Left/left_OculusTouchController.uasset" 474
"../../../Engine/Plugins/Runtime/OpenXR/Content/Devices/OculusTouch/Left/left_OculusTouchController.uexp" 475
"../../../Engine/Plugins/Runtime/OpenXR/Content/Devices/OculusTouch/Right/right_OculusTouchController.uasset" 476
"../../../Engine/Plugins/Runtime/OpenXR/Content/Devices/OculusTouch/Right/right_OculusTouchController.uexp" 477
"../../../Engine/Plugins/Runtime/OpenXR/Content/Devices/OculusTouch_v2/MRTexture.uasset" 478
"../../../Engine/Plugins/Runtime/OpenXR/Content/Devices/OculusTouch_v2/MRTexture.uexp" 479
"../../../Engine/Plugins/Runtime/OpenXR/Content/Devices/OculusTouch_v2/MRTexture.ubulk" 480
"../../../Engine/Plugins/Runtime/OpenXR/Content/Devices/OculusTouch_v2/BaseTexture.uasset" 481
"../../../Engine/Plugins/Runtime/OpenXR/Content/Devices/OculusTouch_v2/BaseTexture.uexp" 482
"../../../Engine/Plugins/Runtime/OpenXR/Content/Devices/OculusTouch_v2/BaseTexture.ubulk" 483
"../../../Engine/Plugins/Runtime/OpenXR/Content/Devices/OculusTouch_v2/MI_OculusTouch_v2.uasset" 484
"../../../Engine/Plugins/Runtime/OpenXR/Content/Devices/OculusTouch_v2/MI_OculusTouch_v2.uexp" 485
"../../../Engine/Plugins/Runtime/OpenXR/Content/Devices/OculusTouch_v2/Left/left_OculusTouch_v2Controller.uasset" 486
"../../../Engine/Plugins/Runtime/OpenXR/Content/Devices/OculusTouch_v2/Left/left_OculusTouch_v2Controller.uexp" 487
"../../../Engine/Plugins/Runtime/OpenXR/Content/Devices/OculusTouch_v2/Right/right_OculusTouch_v2Controller.uasset" 488
"../../../Engine/Plugins/Runtime/OpenXR/Content/Devices/OculusTouch_v2/Right/right_OculusTouch_v2Controller.uexp" 489
"../../../Engine/Plugins/Runtime/OpenXR/Content/Devices/OculusTouch_v3/MRTexture.uasset" 490
"../../../Engine/Plugins/Runtime/OpenXR/Content/Devices/OculusTouch_v3/MRTexture.uexp" 491
"../../../Engine/Plugins/Runtime/OpenXR/Content/Devices/OculusTouch_v3/MRTexture.ubulk" 492
"../../../Engine/Plugins/Runtime/OpenXR/Content/Devices/OculusTouch_v3/BaseTexture.uasset" 493
"../../../Engine/Plugins/Runtime/OpenXR/Content/Devices/OculusTouch_v3/BaseTexture.uexp" 494
"../../../Engine/Plugins/Runtime/OpenXR/Content/Devices/OculusTouch_v3/BaseTexture.ubulk" 495
"../../../Engine/Plugins/Runtime/OpenXR/Content/Devices/OculusTouch_v3/MI_OculusTouch_v3.uasset" 496
"../../../Engine/Plugins/Runtime/OpenXR/Content/Devices/OculusTouch_v3/MI_OculusTouch_v3.uexp" 497
"../../../Engine/Plugins/Runtime/OpenXR/Content/Devices/OculusTouch_v3/Left/left_OculusTouch_v3Controller.uasset" 498
"../../../Engine/Plugins/Runtime/OpenXR/Content/Devices/OculusTouch_v3/Left/left_OculusTouch_v3Controller.uexp" 499
"../../../Engine/Plugins/Runtime/OpenXR/Content/Devices/OculusTouch_v3/Right/right_OculusTouch_v3Controller.uasset" 500
"../../../Engine/Plugins/Runtime/OpenXR/Content/Devices/OculusTouch_v3/Right/right_OculusTouch_v3Controller.uexp" 501
"../../../Engine/Plugins/Runtime/OpenXR/Content/Devices/ValveIndex/MRTexture.uasset" 502
"../../../Engine/Plugins/Runtime/OpenXR/Content/Devices/ValveIndex/MRTexture.uexp" 503
"../../../Engine/Plugins/Runtime/OpenXR/Content/Devices/ValveIndex/MRTexture.ubulk" 504
"../../../Engine/Plugins/Runtime/OpenXR/Content/Devices/ValveIndex/BaseTexture.uasset" 505
"../../../Engine/Plugins/Runtime/OpenXR/Content/Devices/ValveIndex/BaseTexture.uexp" 506
"../../../Engine/Plugins/Runtime/OpenXR/Content/Devices/ValveIndex/BaseTexture.ubulk" 507
"../../../Engine/Plugins/Runtime/OpenXR/Content/Devices/ValveIndex/Left/MI_left_ValveIndex.uasset" 508
"../../../Engine/Plugins/Runtime/OpenXR/Content/Devices/ValveIndex/Left/MI_left_ValveIndex.uexp" 509
"../../../Engine/Plugins/Runtime/OpenXR/Content/Devices/ValveIndex/Left/left_ValveIndexController.uasset" 510
"../../../Engine/Plugins/Runtime/OpenXR/Content/Devices/ValveIndex/Left/left_ValveIndexController.uexp" 511
"../../../Engine/Plugins/Runtime/OpenXR/Content/Devices/ValveIndex/Right/MI_right_ValveIndex.uasset" 512
"../../../Engine/Plugins/Runtime/OpenXR/Content/Devices/ValveIndex/Right/MI_right_ValveIndex.uexp" 513
"../../../Engine/Plugins/Runtime/OpenXR/Content/Devices/ValveIndex/Right/right_ValveIndexController.uasset" 514
"../../../Engine/Plugins/Runtime/OpenXR/Content/Devices/ValveIndex/Right/right_ValveIndexController.uexp" 515
"../../../Engine/Content/Functions/Engine_MaterialFunctions02/Utility/BreakOutFloat4Components.uasset" 516
"../../../Engine/Content/Functions/Engine_MaterialFunctions02/Utility/BreakOutFloat4Components.uexp" 517
"../../../Engine/Content/Functions/Engine_MaterialFunctions02/Utility/MakeFloat3.uasset" 518
"../../../Engine/Content/Functions/Engine_MaterialFunctions02/Utility/MakeFloat3.uexp" 519
"../../../Engine/Plugins/Runtime/Oculus/OculusVR/Content/Materials/OculusMR_ChromaKey.uasset" 520
"../../../Engine/Plugins/Runtime/Oculus/OculusVR/Content/Materials/OculusMR_ChromaKey.uexp" 521
"../../../Engine/Plugins/Runtime/Oculus/OculusVR/Content/Materials/OculusMR_OpaqueColoredMaterial.uasset" 522
"../../../Engine/Plugins/Runtime/Oculus/OculusVR/Content/Materials/OculusMR_OpaqueColoredMaterial.uexp" 523
"../../../Engine/Plugins/Runtime/Oculus/OculusVR/Content/Materials/PokeAHoleMaterial.uasset" 524
"../../../Engine/Plugins/Runtime/Oculus/OculusVR/Content/Materials/PokeAHoleMaterial.uexp" 525
"../../../Engine/Plugins/Runtime/Oculus/OculusVR/Content/Textures/touchController_controlmap.uasset" 526
"../../../Engine/Plugins/Runtime/Oculus/OculusVR/Content/Textures/touchController_controlmap.uexp" 527
"../../../Engine/Plugins/Runtime/Oculus/OculusVR/Content/Textures/touchController_controlmap.ubulk" 528
"../../../Engine/Plugins/Runtime/Oculus/OculusVR/Content/Textures/touchController_albedo.uasset" 529
"../../../Engine/Plugins/Runtime/Oculus/OculusVR/Content/Textures/touchController_albedo.uexp" 530
"../../../Engine/Plugins/Runtime/Oculus/OculusVR/Content/Textures/touchController_albedo.ubulk" 531
"../../../Engine/Plugins/Runtime/Oculus/OculusVR/Content/Materials/touchController_mat.uasset" 532
"../../../Engine/Plugins/Runtime/Oculus/OculusVR/Content/Materials/touchController_mat.uexp" 533
"../../../Engine/Plugins/Runtime/Oculus/OculusVR/Content/Meshes/LeftTouchController.uasset" 534
"../../../Engine/Plugins/Runtime/Oculus/OculusVR/Content/Meshes/LeftTouchController.uexp" 535
"../../../Engine/Plugins/Runtime/Oculus/OculusVR/Content/Textures/TouchForQuestRiftSController_albedo.uasset" 536
"../../../Engine/Plugins/Runtime/Oculus/OculusVR/Content/Textures/TouchForQuestRiftSController_albedo.uexp" 537
"../../../Engine/Plugins/Runtime/Oculus/OculusVR/Content/Textures/TouchForQuestRiftSController_albedo.ubulk" 538
"../../../Engine/Plugins/Runtime/Oculus/OculusVR/Content/Materials/TouchForQuestRiftSControllerMaterial.uasset" 539
"../../../Engine/Plugins/Runtime/Oculus/OculusVR/Content/Materials/TouchForQuestRiftSControllerMaterial.uexp" 540
"../../../Engine/Plugins/Runtime/Oculus/OculusVR/Content/Meshes/LeftTouchForQuestRiftSController.uasset" 541
"../../../Engine/Plugins/Runtime/Oculus/OculusVR/Content/Meshes/LeftTouchForQuestRiftSController.uexp" 542
"../../../Engine/Plugins/Runtime/Oculus/OculusVR/Content/Meshes/RiftHMD.uasset" 543
"../../../Engine/Plugins/Runtime/Oculus/OculusVR/Content/Meshes/RiftHMD.uexp" 544
"../../../Engine/Plugins/Runtime/Oculus/OculusVR/Content/Meshes/RightTouchController.uasset" 545
"../../../Engine/Plugins/Runtime/Oculus/OculusVR/Content/Meshes/RightTouchController.uexp" 546
"../../../Engine/Plugins/Runtime/Oculus/OculusVR/Content/Meshes/RightTouchForQuestRiftSController.uasset" 547
"../../../Engine/Plugins/Runtime/Oculus/OculusVR/Content/Meshes/RightTouchForQuestRiftSController.uexp" 548
"C:/Users/pipo/Documents/Unreal Projects/KidShooter/Content/Geometry/Meshes/1M_Cube.uasset" 549
"C:/Users/pipo/Documents/Unreal Projects/KidShooter/Content/Geometry/Meshes/1M_Cube.uexp" 550
"../../../Engine/Content/EngineSky/T_Sky_Stars.uasset" 551
"../../../Engine/Content/EngineSky/T_Sky_Stars.uexp" 552
"../../../Engine/Content/EngineSky/T_Sky_Stars.ubulk" 553
"../../../Engine/Content/EngineSky/T_Sky_Clouds_M.uasset" 554
"../../../Engine/Content/EngineSky/T_Sky_Clouds_M.uexp" 555
"../../../Engine/Content/EngineSky/T_Sky_Clouds_M.ubulk" 556
"../../../Engine/Content/EngineSky/T_Sky_Blue.uasset" 557
"../../../Engine/Content/EngineSky/T_Sky_Blue.uexp" 558
"../../../Engine/Content/EngineSky/T_Sky_Blue.ubulk" 559
"../../../Engine/Content/EngineSky/M_Sky_Panning_Clouds2.uasset" 560
"../../../Engine/Content/EngineSky/M_Sky_Panning_Clouds2.uexp" 561
"../../../Engine/Content/Functions/Engine_MaterialFunctions03/Procedurals/ComputeFilterWidth.uasset" 562
"../../../Engine/Content/Functions/Engine_MaterialFunctions03/Procedurals/ComputeFilterWidth.uexp" 563
"../../../Engine/Content/EngineMaterials/AntiAliasedTextMaterialTranslucent.uasset" 564
"../../../Engine/Content/EngineMaterials/AntiAliasedTextMaterialTranslucent.uexp" 565
"C:/Users/pipo/Documents/Unreal Projects/KidShooter/Content/FirstPersonBP/Maps/FirstPersonExampleMap_BuiltData.uasset" 566
"C:/Users/pipo/Documents/Unreal Projects/KidShooter/Content/FirstPersonBP/Maps/FirstPersonExampleMap_BuiltData.uexp" 567
"C:/Users/pipo/Documents/Unreal Projects/KidShooter/Content/FirstPersonBP/Maps/FirstPersonExampleMap_BuiltData.ubulk" 568
"../../../Engine/Content/EngineSky/SM_SkySphere.uasset" 569
"../../../Engine/Content/EngineSky/SM_SkySphere.uexp" 570
"../../../Engine/Content/EngineSky/C_Sky_Zenith_Color.uasset" 571
"../../../Engine/Content/EngineSky/C_Sky_Zenith_Color.uexp" 572
"../../../Engine/Content/EngineSky/C_Sky_Horizon_Color.uasset" 573
"../../../Engine/Content/EngineSky/C_Sky_Horizon_Color.uexp" 574
"../../../Engine/Content/EngineSky/C_Sky_Cloud_Color.uasset" 575
"../../../Engine/Content/EngineSky/C_Sky_Cloud_Color.uexp" 576
"../../../Engine/Content/EditorBlueprintResources/StandardMacros.uasset" 577
"../../../Engine/Content/EditorBlueprintResources/StandardMacros.uexp" 578
"../../../Engine/Content/EngineSky/BP_Sky_Sphere.uasset" 579
"../../../Engine/Content/EngineSky/BP_Sky_Sphere.uexp" 580
"C:/Users/pipo/Documents/Unreal Projects/KidShooter/Content/FirstPerson/Textures/FirstPersonCrosshair.uasset" 581
"C:/Users/pipo/Documents/Unreal Projects/KidShooter/Content/FirstPerson/Textures/FirstPersonCrosshair.uexp" 582
"C:/Users/pipo/Documents/Unreal Projects/KidShooter/Content/FirstPersonBP/Blueprints/FirstPersonHUD.uasset" 583
"C:/Users/pipo/Documents/Unreal Projects/KidShooter/Content/FirstPersonBP/Blueprints/FirstPersonHUD.uexp" 584
"C:/Users/pipo/Documents/Unreal Projects/KidShooter/Content/Widget/PlayerBullet_UI.uasset" 585
"C:/Users/pipo/Documents/Unreal Projects/KidShooter/Content/Widget/PlayerBullet_UI.uexp" 586
"C:/Users/pipo/Documents/Unreal Projects/KidShooter/Content/Art/TemporalArt/BarraVida.uasset" 587
"C:/Users/pipo/Documents/Unreal Projects/KidShooter/Content/Art/TemporalArt/BarraVida.uexp" 588
"C:/Users/pipo/Documents/Unreal Projects/KidShooter/Content/Art/TemporalArt/BarraVida.ubulk" 589
"C:/Users/pipo/Documents/Unreal Projects/KidShooter/Content/Widget/Player_UI.uasset" 590
"C:/Users/pipo/Documents/Unreal Projects/KidShooter/Content/Widget/Player_UI.uexp" 591
"C:/Users/pipo/Documents/Unreal Projects/KidShooter/Content/FPWeapon/Mesh/SK_FPGun_Skeleton.uasset" 592
"C:/Users/pipo/Documents/Unreal Projects/KidShooter/Content/FPWeapon/Mesh/SK_FPGun_Skeleton.uexp" 593
"C:/Users/pipo/Documents/Unreal Projects/KidShooter/Content/FPWeapon/Mesh/SK_FPGun_PhysicsAsset.uasset" 594
"C:/Users/pipo/Documents/Unreal Projects/KidShooter/Content/FPWeapon/Mesh/SK_FPGun_PhysicsAsset.uexp" 595
"C:/Users/pipo/Documents/Unreal Projects/KidShooter/Content/FPWeapon/Textures/T_FPGun_N.uasset" 596
"C:/Users/pipo/Documents/Unreal Projects/KidShooter/Content/FPWeapon/Textures/T_FPGun_N.uexp" 597
"C:/Users/pipo/Documents/Unreal Projects/KidShooter/Content/FPWeapon/Textures/T_FPGun_N.ubulk" 598
"C:/Users/pipo/Documents/Unreal Projects/KidShooter/Content/FPWeapon/Textures/T_FPGun_M.uasset" 599
"C:/Users/pipo/Documents/Unreal Projects/KidShooter/Content/FPWeapon/Textures/T_FPGun_M.uexp" 600
"C:/Users/pipo/Documents/Unreal Projects/KidShooter/Content/FPWeapon/Textures/T_FPGun_M.ubulk" 601
"C:/Users/pipo/Documents/Unreal Projects/KidShooter/Content/FPWeapon/Materials/MaterialLayers/T_ML_Rubber_Blue_01_N.uasset" 602
"C:/Users/pipo/Documents/Unreal Projects/KidShooter/Content/FPWeapon/Materials/MaterialLayers/T_ML_Rubber_Blue_01_N.uexp" 603
"C:/Users/pipo/Documents/Unreal Projects/KidShooter/Content/FPWeapon/Materials/MaterialLayers/T_ML_Rubber_Blue_01_N.ubulk" 604
"C:/Users/pipo/Documents/Unreal Projects/KidShooter/Content/FPWeapon/Materials/MaterialLayers/T_ML_Rubber_Blue_01_D.uasset" 605
"C:/Users/pipo/Documents/Unreal Projects/KidShooter/Content/FPWeapon/Materials/MaterialLayers/T_ML_Rubber_Blue_01_D.uexp" 606
"C:/Users/pipo/Documents/Unreal Projects/KidShooter/Content/FPWeapon/Materials/MaterialLayers/T_ML_Rubber_Blue_01_D.ubulk" 607
"C:/Users/pipo/Documents/Unreal Projects/KidShooter/Content/FPWeapon/Materials/MaterialLayers/T_ML_Aluminum01_N.uasset" 608
"C:/Users/pipo/Documents/Unreal Projects/KidShooter/Content/FPWeapon/Materials/MaterialLayers/T_ML_Aluminum01_N.uexp" 609
"C:/Users/pipo/Documents/Unreal Projects/KidShooter/Content/FPWeapon/Materials/MaterialLayers/T_ML_Aluminum01_N.ubulk" 610
"C:/Users/pipo/Documents/Unreal Projects/KidShooter/Content/FPWeapon/Materials/MaterialLayers/T_ML_Aluminum01.uasset" 611
"C:/Users/pipo/Documents/Unreal Projects/KidShooter/Content/FPWeapon/Materials/MaterialLayers/T_ML_Aluminum01.uexp" 612
"C:/Users/pipo/Documents/Unreal Projects/KidShooter/Content/FPWeapon/Materials/MaterialLayers/T_ML_Aluminum01.ubulk" 613
"C:/Users/pipo/Documents/Unreal Projects/KidShooter/Content/FPWeapon/Materials/MaterialLayers/ML_SoftMetal_UE4.uasset" 614
"C:/Users/pipo/Documents/Unreal Projects/KidShooter/Content/FPWeapon/Materials/MaterialLayers/ML_SoftMetal_UE4.uexp" 615
"C:/Users/pipo/Documents/Unreal Projects/KidShooter/Content/FPWeapon/Materials/MaterialLayers/ML_Screen.uasset" 616
"C:/Users/pipo/Documents/Unreal Projects/KidShooter/Content/FPWeapon/Materials/MaterialLayers/ML_Screen.uexp" 617
"C:/Users/pipo/Documents/Unreal Projects/KidShooter/Content/FPWeapon/Materials/MaterialLayers/ML_Plastic_Shiny_Beige.uasset" 618
"C:/Users/pipo/Documents/Unreal Projects/KidShooter/Content/FPWeapon/Materials/MaterialLayers/ML_Plastic_Shiny_Beige.uexp" 619
"C:/Users/pipo/Documents/Unreal Projects/KidShooter/Content/FPWeapon/Materials/MaterialLayers/ML_GlossyBlack_Latex_UE4.uasset" 620
"C:/Users/pipo/Documents/Unreal Projects/KidShooter/Content/FPWeapon/Materials/MaterialLayers/ML_GlossyBlack_Latex_UE4.uexp" 621
"../../../Engine/Content/Functions/MaterialLayerFunctions/MatLayerBlend_Simple.uasset" 622
"../../../Engine/Content/Functions/MaterialLayerFunctions/MatLayerBlend_Simple.uexp" 623
"../../../Engine/Content/Functions/Engine_MaterialFunctions02/Utility/BlendAngleCorrectedNormals.uasset" 624
"../../../Engine/Content/Functions/Engine_MaterialFunctions02/Utility/BlendAngleCorrectedNormals.uexp" 625
"../../../Engine/Content/Functions/MaterialLayerFunctions/MatLayerBlend_NormalBlend.uasset" 626
"../../../Engine/Content/Functions/MaterialLayerFunctions/MatLayerBlend_NormalBlend.uexp" 627
"C:/Users/pipo/Documents/Unreal Projects/KidShooter/Content/FPWeapon/Materials/M_FPGun.uasset" 628
"C:/Users/pipo/Documents/Unreal Projects/KidShooter/Content/FPWeapon/Materials/M_FPGun.uexp" 629
"C:/Users/pipo/Documents/Unreal Projects/KidShooter/Content/FPWeapon/Mesh/SK_FPGun.uasset" 630
"C:/Users/pipo/Documents/Unreal Projects/KidShooter/Content/FPWeapon/Mesh/SK_FPGun.uexp" 631
"C:/Users/pipo/Documents/Unreal Projects/KidShooter/Content/FirstPersonBP/Blueprints/Lists/HandStates.uasset" 632
"C:/Users/pipo/Documents/Unreal Projects/KidShooter/Content/FirstPersonBP/Blueprints/Lists/HandStates.uexp" 633
"C:/Users/pipo/Documents/Unreal Projects/KidShooter/Content/FirstPerson/Meshes/BaseMaterial.uasset" 634
"C:/Users/pipo/Documents/Unreal Projects/KidShooter/Content/FirstPerson/Meshes/BaseMaterial.uexp" 635
"C:/Users/pipo/Documents/Unreal Projects/KidShooter/Content/FirstPerson/Meshes/FirstPersonProjectileMaterial.uasset" 636
"C:/Users/pipo/Documents/Unreal Projects/KidShooter/Content/FirstPerson/Meshes/FirstPersonProjectileMaterial.uexp" 637
"C:/Users/pipo/Documents/Unreal Projects/KidShooter/Content/FirstPerson/Meshes/FirstPersonProjectileMesh.uasset" 638
"C:/Users/pipo/Documents/Unreal Projects/KidShooter/Content/FirstPerson/Meshes/FirstPersonProjectileMesh.uexp" 639
"C:/Users/pipo/Documents/Unreal Projects/KidShooter/Content/FirstPersonBP/Blueprints/FirstPersonProjectile.uasset" 640
"C:/Users/pipo/Documents/Unreal Projects/KidShooter/Content/FirstPersonBP/Blueprints/FirstPersonProjectile.uexp" 641
"C:/Users/pipo/Documents/Unreal Projects/KidShooter/Content/FirstPerson/Character/Mesh/SK_Mannequin_Arms_PhysicsAsset.uasset" 642
"C:/Users/pipo/Documents/Unreal Projects/KidShooter/Content/FirstPerson/Character/Mesh/SK_Mannequin_Arms_PhysicsAsset.uexp" 643
"C:/Users/pipo/Documents/Unreal Projects/KidShooter/Content/FirstPerson/Character/Textures/UE4_Mannequin_MAT_MASKA.uasset" 644
"C:/Users/pipo/Documents/Unreal Projects/KidShooter/Content/FirstPerson/Character/Textures/UE4_Mannequin_MAT_MASKA.uexp" 645
"C:/Users/pipo/Documents/Unreal Projects/KidShooter/Content/FirstPerson/Character/Textures/UE4_Mannequin_MAT_MASKA.ubulk" 646
"C:/Users/pipo/Documents/Unreal Projects/KidShooter/Content/FirstPerson/Character/Textures/UE4_Mannequin__normals.uasset" 647
"C:/Users/pipo/Documents/Unreal Projects/KidShooter/Content/FirstPerson/Character/Textures/UE4_Mannequin__normals.uexp" 648
"C:/Users/pipo/Documents/Unreal Projects/KidShooter/Content/FirstPerson/Character/Textures/UE4_Mannequin__normals.ubulk" 649
"C:/Users/pipo/Documents/Unreal Projects/KidShooter/Content/FirstPerson/Character/Materials/MaterialLayers/T_ML_Aluminum01_N.uasset" 650
"C:/Users/pipo/Documents/Unreal Projects/KidShooter/Content/FirstPerson/Character/Materials/MaterialLayers/T_ML_Aluminum01_N.uexp" 651
"C:/Users/pipo/Documents/Unreal Projects/KidShooter/Content/FirstPerson/Character/Materials/MaterialLayers/T_ML_Aluminum01_N.ubulk" 652
"C:/Users/pipo/Documents/Unreal Projects/KidShooter/Content/FirstPerson/Character/Materials/MaterialLayers/T_ML_Aluminum01.uasset" 653
"C:/Users/pipo/Documents/Unreal Projects/KidShooter/Content/FirstPerson/Character/Materials/MaterialLayers/T_ML_Aluminum01.uexp" 654
"C:/Users/pipo/Documents/Unreal Projects/KidShooter/Content/FirstPerson/Character/Materials/MaterialLayers/T_ML_Aluminum01.ubulk" 655
"C:/Users/pipo/Documents/Unreal Projects/KidShooter/Content/FirstPerson/Character/Materials/MaterialLayers/ML_SoftMetal_UE4.uasset" 656
"C:/Users/pipo/Documents/Unreal Projects/KidShooter/Content/FirstPerson/Character/Materials/MaterialLayers/ML_SoftMetal_UE4.uexp" 657
"C:/Users/pipo/Documents/Unreal Projects/KidShooter/Content/FirstPerson/Character/Textures/UE4_LOGO_CARD.uasset" 658
"C:/Users/pipo/Documents/Unreal Projects/KidShooter/Content/FirstPerson/Character/Textures/UE4_LOGO_CARD.uexp" 659
"C:/Users/pipo/Documents/Unreal Projects/KidShooter/Content/FirstPerson/Character/Textures/UE4_LOGO_CARD.ubulk" 660
"C:/Users/pipo/Documents/Unreal Projects/KidShooter/Content/FirstPerson/Character/Materials/MaterialLayers/ML_Plastic_Shiny_Beige_LOGO.uasset" 661
"C:/Users/pipo/Documents/Unreal Projects/KidShooter/Content/FirstPerson/Character/Materials/MaterialLayers/ML_Plastic_Shiny_Beige_LOGO.uexp" 662
"C:/Users/pipo/Documents/Unreal Projects/KidShooter/Content/FirstPerson/Character/Materials/MaterialLayers/ML_Plastic_Shiny_Beige.uasset" 663
"C:/Users/pipo/Documents/Unreal Projects/KidShooter/Content/FirstPerson/Character/Materials/MaterialLayers/ML_Plastic_Shiny_Beige.uexp" 664
"C:/Users/pipo/Documents/Unreal Projects/KidShooter/Content/FirstPerson/Character/Materials/MaterialLayers/T_ML_Rubber_Blue_01_N.uasset" 665
"C:/Users/pipo/Documents/Unreal Projects/KidShooter/Content/FirstPerson/Character/Materials/MaterialLayers/T_ML_Rubber_Blue_01_N.uexp" 666
"C:/Users/pipo/Documents/Unreal Projects/KidShooter/Content/FirstPerson/Character/Materials/MaterialLayers/T_ML_Rubber_Blue_01_N.ubulk" 667
"C:/Users/pipo/Documents/Unreal Projects/KidShooter/Content/FirstPerson/Character/Materials/MaterialLayers/T_ML_Rubber_Blue_01_D.uasset" 668
"C:/Users/pipo/Documents/Unreal Projects/KidShooter/Content/FirstPerson/Character/Materials/MaterialLayers/T_ML_Rubber_Blue_01_D.uexp" 669
"C:/Users/pipo/Documents/Unreal Projects/KidShooter/Content/FirstPerson/Character/Materials/MaterialLayers/T_ML_Rubber_Blue_01_D.ubulk" 670
"C:/Users/pipo/Documents/Unreal Projects/KidShooter/Content/FirstPerson/Character/Materials/MaterialLayers/ML_GlossyBlack_Latex_UE4.uasset" 671
"C:/Users/pipo/Documents/Unreal Projects/KidShooter/Content/FirstPerson/Character/Materials/MaterialLayers/ML_GlossyBlack_Latex_UE4.uexp" 672
"C:/Users/pipo/Documents/Unreal Projects/KidShooter/Content/FirstPerson/Character/Materials/M_UE4Man_Body.uasset" 673
"C:/Users/pipo/Documents/Unreal Projects/KidShooter/Content/FirstPerson/Character/Materials/M_UE4Man_Body.uexp" 674
"C:/Users/pipo/Documents/Unreal Projects/KidShooter/Content/FirstPerson/Character/Mesh/SK_Mannequin_Arms.uasset" 675
"C:/Users/pipo/Documents/Unreal Projects/KidShooter/Content/FirstPerson/Character/Mesh/SK_Mannequin_Arms.uexp" 676
"C:/Users/pipo/Documents/Unreal Projects/KidShooter/Content/FirstPerson/Audio/FirstPersonTemplateWeaponFire02.uasset" 677
"C:/Users/pipo/Documents/Unreal Projects/KidShooter/Content/FirstPerson/Audio/FirstPersonTemplateWeaponFire02.uexp" 678
"C:/Users/pipo/Documents/Unreal Projects/KidShooter/Content/FirstPerson/Animations/FirstPerson_Run.uasset" 679
"C:/Users/pipo/Documents/Unreal Projects/KidShooter/Content/FirstPerson/Animations/FirstPerson_Run.uexp" 680
"C:/Users/pipo/Documents/Unreal Projects/KidShooter/Content/FirstPerson/Animations/FirstPerson_JumpStart.uasset" 681
"C:/Users/pipo/Documents/Unreal Projects/KidShooter/Content/FirstPerson/Animations/FirstPerson_JumpStart.uexp" 682
"C:/Users/pipo/Documents/Unreal Projects/KidShooter/Content/FirstPerson/Animations/FirstPerson_JumpLoop.uasset" 683
"C:/Users/pipo/Documents/Unreal Projects/KidShooter/Content/FirstPerson/Animations/FirstPerson_JumpLoop.uexp" 684
"C:/Users/pipo/Documents/Unreal Projects/KidShooter/Content/FirstPerson/Animations/FirstPerson_JumpEnd.uasset" 685
"C:/Users/pipo/Documents/Unreal Projects/KidShooter/Content/FirstPerson/Animations/FirstPerson_JumpEnd.uexp" 686
"C:/Users/pipo/Documents/Unreal Projects/KidShooter/Content/FirstPerson/Animations/FirstPerson_Idle.uasset" 687
"C:/Users/pipo/Documents/Unreal Projects/KidShooter/Content/FirstPerson/Animations/FirstPerson_Idle.uexp" 688
"C:/Users/pipo/Documents/Unreal Projects/KidShooter/Content/FirstPerson/Animations/FirstPerson_AnimBP.uasset" 689
"C:/Users/pipo/Documents/Unreal Projects/KidShooter/Content/FirstPerson/Animations/FirstPerson_AnimBP.uexp" 690
"C:/Users/pipo/Documents/Unreal Projects/KidShooter/Content/Art/TemporalArt/ManoFirstPerson.uasset" 691
"C:/Users/pipo/Documents/Unreal Projects/KidShooter/Content/Art/TemporalArt/ManoFirstPerson.uexp" 692
"C:/Users/pipo/Documents/Unreal Projects/KidShooter/Content/Art/TemporalArt/GunShooting_Sprite.uasset" 693
"C:/Users/pipo/Documents/Unreal Projects/KidShooter/Content/Art/TemporalArt/GunShooting_Sprite.uexp" 694
"C:/Users/pipo/Documents/Unreal Projects/KidShooter/Content/Art/TemporalArt/GunShooting_FB.uasset" 695
"C:/Users/pipo/Documents/Unreal Projects/KidShooter/Content/Art/TemporalArt/GunShooting_FB.uexp" 696
"C:/Users/pipo/Documents/Unreal Projects/KidShooter/Content/Art/TemporalArt/GunRecharging_Sprite.uasset" 697
"C:/Users/pipo/Documents/Unreal Projects/KidShooter/Content/Art/TemporalArt/GunRecharging_Sprite.uexp" 698
"C:/Users/pipo/Documents/Unreal Projects/KidShooter/Content/Art/TemporalArt/GunRecharging_FB.uasset" 699
"C:/Users/pipo/Documents/Unreal Projects/KidShooter/Content/Art/TemporalArt/GunRecharging_FB.uexp" 700
"C:/Users/pipo/Documents/Unreal Projects/KidShooter/Content/Art/TemporalArt/ManoFirstPerson_Sprite.uasset" 701
"C:/Users/pipo/Documents/Unreal Projects/KidShooter/Content/Art/TemporalArt/ManoFirstPerson_Sprite.uexp" 702
"C:/Users/pipo/Documents/Unreal Projects/KidShooter/Content/Art/TemporalArt/GunIdle_FB.uasset" 703
"C:/Users/pipo/Documents/Unreal Projects/KidShooter/Content/Art/TemporalArt/GunIdle_FB.uexp" 704
"C:/Users/pipo/Documents/Unreal Projects/KidShooter/Content/FirstPersonBP/Blueprints/FirstPersonCharacter.uasset" 705
"C:/Users/pipo/Documents/Unreal Projects/KidShooter/Content/FirstPersonBP/Blueprints/FirstPersonCharacter.uexp" 706
"C:/Users/pipo/Documents/Unreal Projects/KidShooter/Content/FirstPersonBP/Blueprints/FirstPersonGameMode.uasset" 707
"C:/Users/pipo/Documents/Unreal Projects/KidShooter/Content/FirstPersonBP/Blueprints/FirstPersonGameMode.uexp" 708
"C:/Users/pipo/Documents/Unreal Projects/KidShooter/Content/FirstPerson/Meshes/CubeMaterialOverride.uasset" 709
"C:/Users/pipo/Documents/Unreal Projects/KidShooter/Content/FirstPerson/Meshes/CubeMaterialOverride.uexp" 710
"C:/Users/pipo/Documents/Unreal Projects/KidShooter/Content/Blueprints/Art/Images/T_Police_Shoot.uasset" 711
"C:/Users/pipo/Documents/Unreal Projects/KidShooter/Content/Blueprints/Art/Images/T_Police_Shoot.uexp" 712
"C:/Users/pipo/Documents/Unreal Projects/KidShooter/Content/Blueprints/Art/Images/T_Police_Shoot_Sprite.uasset" 713
"C:/Users/pipo/Documents/Unreal Projects/KidShooter/Content/Blueprints/Art/Images/T_Police_Shoot_Sprite.uexp" 714
"C:/Users/pipo/Documents/Unreal Projects/KidShooter/Content/Blueprints/Art/T_Police_Shoot_FB.uasset" 715
"C:/Users/pipo/Documents/Unreal Projects/KidShooter/Content/Blueprints/Art/T_Police_Shoot_FB.uexp" 716
"C:/Users/pipo/Documents/Unreal Projects/KidShooter/Content/Blueprints/Art/Images/T_Police_Run.uasset" 717
"C:/Users/pipo/Documents/Unreal Projects/KidShooter/Content/Blueprints/Art/Images/T_Police_Run.uexp" 718
"C:/Users/pipo/Documents/Unreal Projects/KidShooter/Content/Blueprints/Art/Images/T_Police_Run_Sprite.uasset" 719
"C:/Users/pipo/Documents/Unreal Projects/KidShooter/Content/Blueprints/Art/Images/T_Police_Run_Sprite.uexp" 720
"C:/Users/pipo/Documents/Unreal Projects/KidShooter/Content/Blueprints/Art/T_Police_Run_FB.uasset" 721
"C:/Users/pipo/Documents/Unreal Projects/KidShooter/Content/Blueprints/Art/T_Police_Run_FB.uexp" 722
"C:/Users/pipo/Documents/Unreal Projects/KidShooter/Content/Blueprints/Art/Images/T_Police_Idle.uasset" 723
"C:/Users/pipo/Documents/Unreal Projects/KidShooter/Content/Blueprints/Art/Images/T_Police_Idle.uexp" 724
"C:/Users/pipo/Documents/Unreal Projects/KidShooter/Content/Blueprints/Art/Images/T_Police_Idle_Sprite.uasset" 725
"C:/Users/pipo/Documents/Unreal Projects/KidShooter/Content/Blueprints/Art/Images/T_Police_Idle_Sprite.uexp" 726
"C:/Users/pipo/Documents/Unreal Projects/KidShooter/Content/Blueprints/Art/T_Police_Idle_FB.uasset" 727
"C:/Users/pipo/Documents/Unreal Projects/KidShooter/Content/Blueprints/Art/T_Police_Idle_FB.uexp" 728
"C:/Users/pipo/Documents/Unreal Projects/KidShooter/Content/Blueprints/Art/Images/T_Police_Hit.uasset" 729
"C:/Users/pipo/Documents/Unreal Projects/KidShooter/Content/Blueprints/Art/Images/T_Police_Hit.uexp" 730
"C:/Users/pipo/Documents/Unreal Projects/KidShooter/Content/Blueprints/Art/Images/T_Police_Hit_Sprite.uasset" 731
"C:/Users/pipo/Documents/Unreal Projects/KidShooter/Content/Blueprints/Art/Images/T_Police_Hit_Sprite.uexp" 732
"C:/Users/pipo/Documents/Unreal Projects/KidShooter/Content/Blueprints/Art/T_Police_Hit_FB.uasset" 733
"C:/Users/pipo/Documents/Unreal Projects/KidShooter/Content/Blueprints/Art/T_Police_Hit_FB.uexp" 734
"C:/Users/pipo/Documents/Unreal Projects/KidShooter/Content/Blueprints/Art/Images/T_Police_Agroo.uasset" 735
"C:/Users/pipo/Documents/Unreal Projects/KidShooter/Content/Blueprints/Art/Images/T_Police_Agroo.uexp" 736
"C:/Users/pipo/Documents/Unreal Projects/KidShooter/Content/Blueprints/Art/Images/T_Police_Agroo_Sprite.uasset" 737
"C:/Users/pipo/Documents/Unreal Projects/KidShooter/Content/Blueprints/Art/Images/T_Police_Agroo_Sprite.uexp" 738
"C:/Users/pipo/Documents/Unreal Projects/KidShooter/Content/Blueprints/Art/T_Police_Agroo_FB.uasset" 739
"C:/Users/pipo/Documents/Unreal Projects/KidShooter/Content/Blueprints/Art/T_Police_Agroo_FB.uexp" 740
"../../../Engine/Content/BasicShapes/Sphere.uasset" 741
"../../../Engine/Content/BasicShapes/Sphere.uexp" 742
"../../../Engine/Content/BasicShapes/BasicShapeMaterial.uasset" 743
"../../../Engine/Content/BasicShapes/BasicShapeMaterial.uexp" 744
"C:/Users/pipo/Documents/Unreal Projects/KidShooter/Content/Blueprints/PoliduendeStates_List.uasset" 745
"C:/Users/pipo/Documents/Unreal Projects/KidShooter/Content/Blueprints/PoliduendeStates_List.uexp" 746
"C:/Users/pipo/Documents/Unreal Projects/KidShooter/Content/Blueprints/Poliduende_Char.uasset" 747
"C:/Users/pipo/Documents/Unreal Projects/KidShooter/Content/Blueprints/Poliduende_Char.uexp" 748
"C:/Users/pipo/Documents/Unreal Projects/KidShooter/Content/FirstPersonBP/Maps/FirstPersonExampleMap.uexp" 749
"C:/Users/pipo/Documents/Unreal Projects/KidShooter/Content/FirstPersonBP/Maps/FirstPersonExampleMap.umap" 750
"../../../Engine/Content/Maps/Entry_BuiltData.uasset" 751
"../../../Engine/Content/Maps/Entry_BuiltData.uexp" 752
"../../../Engine/Content/Maps/Entry.uexp" 753
"../../../Engine/Content/Maps/Entry.umap" 754
